[0117/123129.481:FATAL:crashpad_win.cc(74)] Check failed: base::CreateDirectoryAndGetError(metrics_path, nullptr). 
Backtrace:
	GetHandleVerifier [0x00007FFE6F248FC5+6613]
	GetHandleVerifier [0x00007FFE6F248F63+6515]
	SetMetricsClientId [0x00007FFE6F241D1A+46418]
	SetUploadConsentImpl [0x00007FFE6F25C3B0+3216]
	GetHandleVerifier [0x00007FFE6F25AD56+79718]
	SetMetricsClientId [0x00007FFE6F236DB4+1516]
	SuccessfullyBlocked [0x00007FFE6F236647+3659]
	ChromeMain [0x00007FFE4F0BE21F+5775]
	v8::internal::compiler::BasicBlock::set_loop_depth [0x00007FFE5028D7A1+415121]
	IsSandboxedProcess [0x00007FFE50F18577+10587]
	v8::internal::compiler::BasicBlock::set_loop_depth [0x00007FFE5028D598+414600]
	ChromeMain [0x00007FFE4F0BCC80+240]
	(No symbol) [0x00007FF79A1E5DE0]
	(No symbol) [0x00007FF79A1E5437]
	IsSandboxedProcess [0x00007FF79A255333+139555]
	BaseThreadInitThunk [0x00007FFE892613D2+34]
	RtlUserThreadStart [0x00007FFE8AE454F4+52]

[0117/123154.168:FATAL:crashpad_win.cc(74)] Check failed: base::CreateDirectoryAndGetError(metrics_path, nullptr). 
Backtrace:
	GetHandleVerifier [0x00007FFE6F248FC5+6613]
	GetHandleVerifier [0x00007FFE6F248F63+6515]
	SetMetricsClientId [0x00007FFE6F241D1A+46418]
	SetUploadConsentImpl [0x00007FFE6F25C3B0+3216]
	GetHandleVerifier [0x00007FFE6F25AD56+79718]
	SetMetricsClientId [0x00007FFE6F236DB4+1516]
	SuccessfullyBlocked [0x00007FFE6F236647+3659]
	ChromeMain [0x00007FFE4F0BE21F+5775]
	v8::internal::compiler::BasicBlock::set_loop_depth [0x00007FFE5028D7A1+415121]
	IsSandboxedProcess [0x00007FFE50F18577+10587]
	v8::internal::compiler::BasicBlock::set_loop_depth [0x00007FFE5028D598+414600]
	ChromeMain [0x00007FFE4F0BCC80+240]
	(No symbol) [0x00007FF79A1E5DE0]
	(No symbol) [0x00007FF79A1E5437]
	IsSandboxedProcess [0x00007FF79A255333+139555]
	BaseThreadInitThunk [0x00007FFE892613D2+34]
	RtlUserThreadStart [0x00007FFE8AE454F4+52]

[0117/123304.933:FATAL:crashpad_win.cc(74)] Check failed: base::CreateDirectoryAndGetError(metrics_path, nullptr). 
Backtrace:
	GetHandleVerifier [0x00007FFE6F248FC5+6613]
	GetHandleVerifier [0x00007FFE6F248F63+6515]
	SetMetricsClientId [0x00007FFE6F241D1A+46418]
	SetUploadConsentImpl [0x00007FFE6F25C3B0+3216]
	GetHandleVerifier [0x00007FFE6F25AD56+79718]
	SetMetricsClientId [0x00007FFE6F236DB4+1516]
	SuccessfullyBlocked [0x00007FFE6F236647+3659]
	ChromeMain [0x00007FFE4F0BE21F+5775]
	v8::internal::compiler::BasicBlock::set_loop_depth [0x00007FFE5028D7A1+415121]
	IsSandboxedProcess [0x00007FFE50F18577+10587]
	v8::internal::compiler::BasicBlock::set_loop_depth [0x00007FFE5028D598+414600]
	ChromeMain [0x00007FFE4F0BCC80+240]
	(No symbol) [0x00007FF79A1E5DE0]
	(No symbol) [0x00007FF79A1E5437]
	IsSandboxedProcess [0x00007FF79A255333+139555]
	BaseThreadInitThunk [0x00007FFE892613D2+34]
	RtlUserThreadStart [0x00007FFE8AE454F4+52]

[0117/123336.040:FATAL:crashpad_win.cc(74)] Check failed: base::CreateDirectoryAndGetError(metrics_path, nullptr). 
Backtrace:
	GetHandleVerifier [0x00007FFE6F248FC5+6613]
	GetHandleVerifier [0x00007FFE6F248F63+6515]
	SetMetricsClientId [0x00007FFE6F241D1A+46418]
	SetUploadConsentImpl [0x00007FFE6F25C3B0+3216]
	GetHandleVerifier [0x00007FFE6F25AD56+79718]
	SetMetricsClientId [0x00007FFE6F236DB4+1516]
	SuccessfullyBlocked [0x00007FFE6F236647+3659]
	ChromeMain [0x00007FFE4F0BE21F+5775]
	v8::internal::compiler::BasicBlock::set_loop_depth [0x00007FFE5028D7A1+415121]
	IsSandboxedProcess [0x00007FFE50F18577+10587]
	v8::internal::compiler::BasicBlock::set_loop_depth [0x00007FFE5028D598+414600]
	ChromeMain [0x00007FFE4F0BCC80+240]
	(No symbol) [0x00007FF79A1E5DE0]
	(No symbol) [0x00007FF79A1E5437]
	IsSandboxedProcess [0x00007FF79A255333+139555]
	BaseThreadInitThunk [0x00007FFE892613D2+34]
	RtlUserThreadStart [0x00007FFE8AE454F4+52]

[0117/123345.825:FATAL:crashpad_win.cc(74)] Check failed: base::CreateDirectoryAndGetError(metrics_path, nullptr). 
Backtrace:
	GetHandleVerifier [0x00007FFE6F248FC5+6613]
	GetHandleVerifier [0x00007FFE6F248F63+6515]
	SetMetricsClientId [0x00007FFE6F241D1A+46418]
	SetUploadConsentImpl [0x00007FFE6F25C3B0+3216]
	GetHandleVerifier [0x00007FFE6F25AD56+79718]
	SetMetricsClientId [0x00007FFE6F236DB4+1516]
	SuccessfullyBlocked [0x00007FFE6F236647+3659]
	ChromeMain [0x00007FFE4F0BE21F+5775]
	v8::internal::compiler::BasicBlock::set_loop_depth [0x00007FFE5028D7A1+415121]
	IsSandboxedProcess [0x00007FFE50F18577+10587]
	v8::internal::compiler::BasicBlock::set_loop_depth [0x00007FFE5028D598+414600]
	ChromeMain [0x00007FFE4F0BCC80+240]
	(No symbol) [0x00007FF79A1E5DE0]
	(No symbol) [0x00007FF79A1E5437]
	IsSandboxedProcess [0x00007FF79A255333+139555]
	BaseThreadInitThunk [0x00007FFE892613D2+34]
	RtlUserThreadStart [0x00007FFE8AE454F4+52]

[0117/123449.676:FATAL:crashpad_win.cc(74)] Check failed: base::CreateDirectoryAndGetError(metrics_path, nullptr). 
Backtrace:
	GetHandleVerifier [0x00007FFE6F248FC5+6613]
	GetHandleVerifier [0x00007FFE6F248F63+6515]
	SetMetricsClientId [0x00007FFE6F241D1A+46418]
	SetUploadConsentImpl [0x00007FFE6F25C3B0+3216]
	GetHandleVerifier [0x00007FFE6F25AD56+79718]
	SetMetricsClientId [0x00007FFE6F236DB4+1516]
	SuccessfullyBlocked [0x00007FFE6F236647+3659]
	ChromeMain [0x00007FFE4F0BE21F+5775]
	v8::internal::compiler::BasicBlock::set_loop_depth [0x00007FFE5028D7A1+415121]
	IsSandboxedProcess [0x00007FFE50F18577+10587]
	v8::internal::compiler::BasicBlock::set_loop_depth [0x00007FFE5028D598+414600]
	ChromeMain [0x00007FFE4F0BCC80+240]
	(No symbol) [0x00007FF79A1E5DE0]
	(No symbol) [0x00007FF79A1E5437]
	IsSandboxedProcess [0x00007FF79A255333+139555]
	BaseThreadInitThunk [0x00007FFE892613D2+34]
	RtlUserThreadStart [0x00007FFE8AE454F4+52]

[0117/131313.220:FATAL:crashpad_win.cc(74)] Check failed: base::CreateDirectoryAndGetError(metrics_path, nullptr). 
Backtrace:
	GetHandleVerifier [0x00007FFE6F248FC5+6613]
	GetHandleVerifier [0x00007FFE6F248F63+6515]
	SetMetricsClientId [0x00007FFE6F241D1A+46418]
	SetUploadConsentImpl [0x00007FFE6F25C3B0+3216]
	GetHandleVerifier [0x00007FFE6F25AD56+79718]
	SetMetricsClientId [0x00007FFE6F236DB4+1516]
	SuccessfullyBlocked [0x00007FFE6F236647+3659]
	ChromeMain [0x00007FFE4F0BE21F+5775]
	v8::internal::compiler::BasicBlock::set_loop_depth [0x00007FFE5028D7A1+415121]
	IsSandboxedProcess [0x00007FFE50F18577+10587]
	v8::internal::compiler::BasicBlock::set_loop_depth [0x00007FFE5028D598+414600]
	ChromeMain [0x00007FFE4F0BCC80+240]
	(No symbol) [0x00007FF79A1E5DE0]
	(No symbol) [0x00007FF79A1E5437]
	IsSandboxedProcess [0x00007FF79A255333+139555]
	BaseThreadInitThunk [0x00007FFE892613D2+34]
	RtlUserThreadStart [0x00007FFE8AE454F4+52]

[0117/173914.464:FATAL:crashpad_win.cc(74)] Check failed: base::CreateDirectoryAndGetError(metrics_path, nullptr). 
Backtrace:
	GetHandleVerifier [0x00007FFE73C18FC5+6613]
	GetHandleVerifier [0x00007FFE73C18F63+6515]
	SetMetricsClientId [0x00007FFE73C11D1A+46418]
	SetUploadConsentImpl [0x00007FFE73C2C3B0+3216]
	GetHandleVerifier [0x00007FFE73C2AD56+79718]
	SetMetricsClientId [0x00007FFE73C06DB4+1516]
	SuccessfullyBlocked [0x00007FFE73C06647+3659]
	ChromeMain [0x00007FFE4F0BE21F+5775]
	v8::internal::compiler::BasicBlock::set_loop_depth [0x00007FFE5028D7A1+415121]
	IsSandboxedProcess [0x00007FFE50F18577+10587]
	v8::internal::compiler::BasicBlock::set_loop_depth [0x00007FFE5028D598+414600]
	ChromeMain [0x00007FFE4F0BCC80+240]
	(No symbol) [0x00007FF79A1E5DE0]
	(No symbol) [0x00007FF79A1E5437]
	IsSandboxedProcess [0x00007FF79A255333+139555]
	BaseThreadInitThunk [0x00007FFE892613D2+34]
	RtlUserThreadStart [0x00007FFE8AE454F4+52]

[0117/173942.332:FATAL:crashpad_win.cc(74)] Check failed: base::CreateDirectoryAndGetError(metrics_path, nullptr). 
Backtrace:
	GetHandleVerifier [0x00007FFE73C18FC5+6613]
	GetHandleVerifier [0x00007FFE73C18F63+6515]
	SetMetricsClientId [0x00007FFE73C11D1A+46418]
	SetUploadConsentImpl [0x00007FFE73C2C3B0+3216]
	GetHandleVerifier [0x00007FFE73C2AD56+79718]
	SetMetricsClientId [0x00007FFE73C06DB4+1516]
	SuccessfullyBlocked [0x00007FFE73C06647+3659]
	ChromeMain [0x00007FFE4F0BE21F+5775]
	v8::internal::compiler::BasicBlock::set_loop_depth [0x00007FFE5028D7A1+415121]
	IsSandboxedProcess [0x00007FFE50F18577+10587]
	v8::internal::compiler::BasicBlock::set_loop_depth [0x00007FFE5028D598+414600]
	ChromeMain [0x00007FFE4F0BCC80+240]
	(No symbol) [0x00007FF79A1E5DE0]
	(No symbol) [0x00007FF79A1E5437]
	IsSandboxedProcess [0x00007FF79A255333+139555]
	BaseThreadInitThunk [0x00007FFE892613D2+34]
	RtlUserThreadStart [0x00007FFE8AE454F4+52]

